0 info it worked if it ends with ok
1 verbose cli [ '/usr/local/bin/node', '/usr/local/bin/npm', 'run', 'release' ]
2 info using npm@3.10.8
3 info using node@v7.0.0
4 verbose run-script [ 'prerelease', 'release', 'postrelease' ]
5 info lifecycle babel-config@0.0.14~prerelease: babel-config@0.0.14
6 silly lifecycle babel-config@0.0.14~prerelease: no script for prerelease, continuing
7 info lifecycle babel-config@0.0.14~release: babel-config@0.0.14
8 verbose lifecycle babel-config@0.0.14~release: unsafe-perm in lifecycle true
9 verbose lifecycle babel-config@0.0.14~release: PATH: /usr/local/lib/node_modules/npm/bin/node-gyp-bin:/Users/kevdawg/Projects/babel-config/node_modules/.bin:/usr/local/bin:/usr/bin:/bin:/usr/sbin:/sbin:/Users/kevdawg/.node/bin:/usr/local/bin/ec2/ec2-api-tools-1.7.4.0/bin
10 verbose lifecycle babel-config@0.0.14~release: CWD: /Users/kevdawg/Projects/babel-config
11 silly lifecycle babel-config@0.0.14~release: Args: [ '-c',
11 silly lifecycle   'release () { npm run pull && if [ -z $1 ]; then npm version patch; else npm version $1; fi && npm run push; }; release' ]
12 silly lifecycle babel-config@0.0.14~release: Returned: code: 1  signal: null
13 info lifecycle babel-config@0.0.14~release: Failed to exec release script
14 verbose stack Error: babel-config@0.0.14 release: `release () { npm run pull && if [ -z $1 ]; then npm version patch; else npm version $1; fi && npm run push; }; release`
14 verbose stack Exit status 1
14 verbose stack     at EventEmitter.<anonymous> (/usr/local/lib/node_modules/npm/lib/utils/lifecycle.js:255:16)
14 verbose stack     at emitTwo (events.js:106:13)
14 verbose stack     at EventEmitter.emit (events.js:191:7)
14 verbose stack     at ChildProcess.<anonymous> (/usr/local/lib/node_modules/npm/lib/utils/spawn.js:40:14)
14 verbose stack     at emitTwo (events.js:106:13)
14 verbose stack     at ChildProcess.emit (events.js:191:7)
14 verbose stack     at maybeClose (internal/child_process.js:877:16)
14 verbose stack     at Process.ChildProcess._handle.onexit (internal/child_process.js:226:5)
15 verbose pkgid babel-config@0.0.14
16 verbose cwd /Users/kevdawg/Projects/babel-config
17 error Darwin 14.5.0
18 error argv "/usr/local/bin/node" "/usr/local/bin/npm" "run" "release"
19 error node v7.0.0
20 error npm  v3.10.8
21 error code ELIFECYCLE
22 error babel-config@0.0.14 release: `release () { npm run pull && if [ -z $1 ]; then npm version patch; else npm version $1; fi && npm run push; }; release`
22 error Exit status 1
23 error Failed at the babel-config@0.0.14 release script 'release () { npm run pull && if [ -z $1 ]; then npm version patch; else npm version $1; fi && npm run push; }; release'.
23 error Make sure you have the latest version of node.js and npm installed.
23 error If you do, this is most likely a problem with the babel-config package,
23 error not with npm itself.
23 error Tell the author that this fails on your system:
23 error     release () { npm run pull && if [ -z $1 ]; then npm version patch; else npm version $1; fi && npm run push; }; release
23 error You can get information on how to open an issue for this project with:
23 error     npm bugs babel-config
23 error Or if that isn't available, you can get their info via:
23 error     npm owner ls babel-config
23 error There is likely additional logging output above.
24 verbose exit [ 1, true ]
